0.000000
20000.000000
2500.000000
20000000.000000
0.000000
0.000000
20000.000000
2500.000000
20000000.000000
0.000000
0.000000
20000.000000
2500.000000
20000000.000000
0.000001
0.000000
20000.000000
2500.000000
20000000.000000
0.000000
0.000000
20000.000000
2500.000000
20000000.000000
0.000000
0.000000
20000.000000
2500.000000
20000000.000000
0.000000
0.000000
20000.000000
2500.000000
20000000.000000
0.000000
0.000000
20000.000000
2500.000000
20000000.000000
0.000000
0.000000
20000.000000
2500.000000
20000000.000000
0.000000
0.000000
20000.000000
2500.000000
20000000.000000
0.000000
0.000000
20000.000000
2500.000000
20000000.000000
0.000000
0.000000
20000.000000
2500.000000
20000000.000000
0.000000
0.000000
20000.000000
2500.000000
20000000.000000
0.000000
0.000000
20000.000000
2500.000000
20000000.000000
0.000000
0.000000
20000.000000
2500.000000
20000000.000000
0.000000
0.000000
20000.000000
2500.000000
20000000.000000
0.000000
0.000000
20000.000000
2500.000000
20000000.000000
0.000000
0.000000
20000.000000
2500.000000
20000000.000000
0.000000
0.000000
20000.000000
2500.000000
20000000.000000
0.000000
0.000000
20000.000000
2500.000000
20000000.000000
0.000000
0.000000
20000.000000
2500.000000
20000000.000000
0.000000
0.000000
20000.000000
2500.000000
20000000.000000
0.000000
0.000000
20000.000000
2500.000000
20000000.000000
0.000000
0.000000
20000.000000
2500.000000
20000000.000000
0.000000
0.000000
20000.000000
2500.000000
20000000.000000
0.000000
0.000000
20000.000000
2500.000000
20000000.000000
0.000000
0.000000
20000.000000
2500.000000
20000000.000000
0.000000
0.000000
20000.000000
2500.000000
20000000.000000
0.000000
0.000000
20000.000000
2500.000000
20000000.000000
0.000000
0.000000
20000.000000
2500.000000
20000000.000000
0.000000
0.000000
20000.000000
2500.000000
20000000.000000
0.000000
0.000000
20000.000000
2500.000000
20000000.000000
0.000000
0.000000
20000.000000
2500.000000
20000000.000000
0.000000
0.000000
20000.000000
2500.000000
20000000.000000
0.000000
0.000000
20000.000000
2500.000000
20000000.000000
0.000000
0.000000
20000.000000
2500.000000
20000000.000000
0.000000
0.000000
20000.000000
2500.000000
20000000.000000
0.000000
0.000000
20000.000000
2500.000000
20000000.000000
0.000000
0.000000
20000.000000
2500.000000
20000000.000000
0.000000
0.000000
20000.000000
2500.000000
20000000.000000
0.000000
0.000000
20000.000000
2500.000000
20000000.000000
0.000000
0.000000
20000.000000
2500.000000
20000000.000000
0.000000
0.000000
20000.000000
2500.000000
20000000.000000
0.000000
0.000000
20000.000000
2500.000000
20000000.000000
0.000000
